
 ## JOB job.slurm INICIADO ## 


 ## NÚMERO DE NÓS QUE SERÃO UTILIZADOS PARA O JOB: node08 ## 


 ## NÚMERO DE TAREFAS UTILIZADAS PARA O JOB: 32 ## 


 ################################## 


 ##----- INICIO DO TRABALHO -----## 


 ################################## 

Job completed
Job completed
Job completed
Job completed
Job completed
Job completed
Job completed
Job completed
Job completed
Job completed
Job completed
Job completed
Job completed
Job completed
Job completed
Job completed
Job completed
Job completed
Job completed
Job completed
Job completed
Job completed
Job completed
Job completed
Job completed
Job completed
Job completed
Job completed
Job completed
Job completed
Job completed
Job completed
Job completed
Job completed
Job completed
Job completed
Job completed
Job completed
Job completed
Job completed
Job completed
Job completed
Job completed
Job completed
Job completed
Job completed
Job completed
Job completed
Job completed
Job completed
Job completed
Job completed
Job completed
Job completed
Job completed
Job completed
Job completed
(array([0.        +0.03139088j, 0.        +0.02641834j,
       0.00327119+0.j        , 0.00507324+0.j        ,
       0.0076648 +0.j        , 0.02556863+0.j        ,
       0.20268495+0.j        , 0.46818512+0.j        ,
       0.48178041+0.j        ]), array([[[ 0.03811817,  0.02047401, -0.0571417 ],
        [-0.16194352,  0.01109969, -0.16305216],
        [-0.13012849, -0.26530265,  0.87764996]],

       [[-0.00892093, -0.03404314, -0.03275004],
        [ 0.63710866,  0.00286051,  0.15467828],
        [-0.29456127,  0.6047409 ,  0.27030174]],

       [[ 0.06895883, -0.22358201,  0.00443922],
        [ 0.04199074, -0.23090002,  0.11196595],
        [ 0.06712018, -0.22483931,  0.01329053]],

       [[ 0.2153023 ,  0.06816587,  0.06783701],
        [ 0.20429211,  0.06796498,  0.05205171],
        [ 0.2387233 ,  0.05878083, -0.00388654]],

       [[-0.06233945, -0.00983365,  0.22591812],
        [-0.03432462, -0.00579632,  0.16251376],
        [-0.08072498, -0.00389746,  0.29086135]],

       [[-0.00784766, -0.0305211 ,  0.04626145],
        [ 0.26105194,  0.03628247, -0.9323998 ],
        [ 0.00950641,  0.00459008, -0.05819954]],

       [[ 0.05504838, -0.0382619 ,  0.01100247],
        [-0.66707872, -0.02764209, -0.16535032],
        [-0.20587847,  0.63506234, -0.00442364]],

       [[-0.02955777,  0.04011648, -0.00525801],
        [ 0.01263461, -0.82903811, -0.05221807],
        [ 0.45623045,  0.19286797,  0.12915   ]],

       [[-0.04482352, -0.04678399, -0.01472354],
        [-0.04418041,  0.49455005,  0.0214194 ],
        [ 0.7548051 ,  0.2478307 ,  0.2094098 ]]]))
---------------------
  #    meV     cm^-1
---------------------
  0   31.4i    253.2i
  1   26.4i    213.1i
  2    3.3      26.4
  3    5.1      40.9
  4    7.7      61.8
  5   25.6     206.2
  6  202.7    1634.8
  7  468.2    3776.2
  8  481.8    3885.8
---------------------
Zero-point energy: 0.597 eV
(array([0.        +0.06128223j, 0.        +0.04504271j,
       0.        +0.00101786j, 0.00528337+0.j        ,
       0.00613409+0.j        , 0.00926776+0.j        ,
       0.19758406+0.j        , 0.46558205+0.j        ,
       0.49424633+0.j        ]), array([[[-4.76242506e-04,  6.55173010e-02, -7.93911390e-04],
        [ 7.88848862e-03, -8.70585691e-02,  1.14997781e-02],
        [ 8.41906541e-03, -9.57112650e-01, -3.12832420e-03]],

       [[-4.92113155e-02, -1.11201835e-03,  4.12024897e-03],
        [ 3.80778048e-01, -1.70048016e-02,  5.47788790e-01],
        [ 3.98264356e-01,  1.58275350e-02, -5.90861771e-01]],

       [[ 2.34189579e-01, -3.73091579e-03,  1.71163504e-02],
        [ 2.33457144e-01, -8.46032792e-02,  1.72720610e-02],
        [ 2.33147534e-01,  5.68862960e-03,  1.86228199e-02]],

       [[ 2.85057004e-03,  2.19685599e-01,  7.48986246e-02],
        [ 4.62013796e-03,  2.83550434e-01,  7.68751305e-02],
        [ 4.63986634e-03,  2.12650085e-01,  7.28708949e-02]],

       [[ 1.95574604e-02,  7.01778516e-02, -2.22193240e-01],
        [ 2.31514855e-02,  1.34230434e-01, -2.20604359e-01],
        [ 2.34512705e-02,  6.53019748e-02, -2.28451992e-01]],

       [[-1.62375271e-02,  7.07734948e-02, -1.14249518e-02],
        [-2.59500520e-02, -9.37302281e-01, -1.31556408e-02],
        [-2.71244068e-02,  1.61812181e-01,  2.19319392e-03]],

       [[-2.00970961e-03, -6.75969983e-04, -6.87134569e-02],
        [ 4.21848555e-01,  6.84208402e-03,  5.59777521e-01],
        [-3.91274430e-01,  4.61813413e-03,  5.22092764e-01]],

       [[ 3.51089886e-02, -3.83212462e-04, -4.15256004e-02],
        [-7.67445548e-01,  5.82145031e-03,  5.48672459e-01],
        [ 2.10098615e-01,  1.09691846e-03,  1.04578520e-01]],

       [[-5.78464332e-02, -2.20797354e-04, -2.52437407e-02],
        [ 1.56036821e-01, -1.57873331e-03, -1.49729372e-01],
        [ 7.61889762e-01,  5.08687097e-03,  5.49150665e-01]]]))
---------------------
  #    meV     cm^-1
---------------------
  0   61.3i    494.3i
  1   45.0i    363.3i
  2    1.0i      8.2i
  3    5.3      42.6
  4    6.1      49.5
  5    9.3      74.7
  6  197.6    1593.6
  7  465.6    3755.2
  8  494.2    3986.4
---------------------
Zero-point energy: 0.589 eV
(array([0.        +0.01478021j, 0.        +0.0010871j ,
       0.0052511 +0.j        , 0.00706315+0.j        ,
       0.03754746+0.j        , 0.05652679+0.j        ,
       0.20591418+0.j        , 0.45055294+0.j        ,
       0.47768863+0.j        ]), array([[[-7.65702372e-03,  5.33372655e-02, -1.53596245e-03],
        [ 5.82619960e-03, -9.70533974e-01, -2.67272335e-02],
        [ 5.07877379e-03,  5.50723921e-02,  1.40881651e-02]],

       [[ 2.33024618e-01,  2.19995487e-02, -2.68060836e-02],
        [ 2.34127637e-01, -4.90765948e-03, -2.83470355e-02],
        [ 2.32659066e-01,  2.46637251e-02, -2.71352902e-02]],

       [[-1.53894214e-02,  2.32109137e-01,  4.40824441e-02],
        [-1.61821313e-02,  2.15382838e-01,  4.48358780e-02],
        [-1.58235567e-02,  2.27094774e-01,  4.33231841e-02]],

       [[-2.89001510e-02,  4.10213347e-02, -2.29726801e-01],
        [-3.91292062e-02,  4.98067549e-02, -2.15735604e-01],
        [-4.16942481e-02,  4.75880243e-02, -2.44754910e-01]],

       [[-5.04655467e-02, -5.54212610e-04, -3.00382343e-03],
        [ 4.00508984e-01,  3.45346696e-02, -5.93002097e-01],
        [ 3.85669479e-01,  1.05646250e-03,  5.38051436e-01]],

       [[-2.30150247e-04, -6.01399088e-02,  1.27497983e-03],
        [-2.76126296e-03,  2.31046747e-03,  5.24610018e-03],
        [-2.05860471e-03,  9.66720958e-01,  6.05355488e-03]],

       [[-1.64326503e-03,  6.48265382e-04, -6.85098338e-02],
        [-3.95281434e-01, -4.20058003e-03,  5.21188475e-01],
        [ 4.26243945e-01, -4.44638837e-03,  5.54897215e-01]],

       [[ 3.49399283e-02,  2.92349868e-04, -4.14407571e-02],
        [ 2.07930893e-01, -8.54779875e-04,  1.04861087e-01],
        [-7.62892907e-01, -3.79133688e-03,  5.56036142e-01]],

       [[-5.74667512e-02,  1.99122287e-04, -2.53719177e-02],
        [ 7.58632389e-01, -4.04668496e-03,  5.54690187e-01],
        [ 1.53244864e-01,  9.47291485e-04, -1.50743902e-01]]]))
---------------------
  #    meV     cm^-1
---------------------
  0   14.8i    119.2i
  1    1.1i      8.8i
  2    5.3      42.4
  3    7.1      57.0
  4   37.5     302.8
  5   56.5     455.9
  6  205.9    1660.8
  7  450.6    3634.0
  8  477.7    3852.8
---------------------
Zero-point energy: 0.620 eV

 ## JOB job.slurm FINALIZADO ## 

