
 ## JOB vib-20-25 INICIADO ## 


 ## NÚMERO DE NÓS QUE SERÃO UTILIZADOS PARA O JOB: node08 ## 


 ## NÚMERO DE TAREFAS UTILIZADAS PARA O JOB: 32 ## 


 ################################## 


 ##----- INICIO DO TRABALHO -----## 


 ################################## 

Job completed
Job completed
Job completed
Job completed
Job completed
Job completed
Job completed
Job completed
Job completed
Job completed
Job completed
Job completed
Job completed
Job completed
Job completed
Job completed
Job completed
Job completed
Job completed
Job completed
Job completed
Job completed
Job completed
Job completed
Job completed
Job completed
Job completed
Job completed
Job completed
Job completed
Job completed
Job completed
Job completed
Job completed
Job completed
Job completed
Job completed
Job completed
Job completed
Job completed
Job completed
Job completed
Job completed
Job completed
Job completed
Job completed
Job completed
Job completed
Job completed
Job completed
Job completed
Job completed
Job completed
Job completed
Job completed
Job completed
Job completed
Job completed
Job completed
Job completed
Job completed
Job completed
Job completed
Job completed
Job completed
Job completed
Job completed
Job completed
Job completed
Job completed
Job completed
Job completed
Job completed
Job completed
Job completed
Job completed
Job completed
Job completed
Job completed
Job completed
Job completed
Job completed
Job completed
Job completed
Job completed
Job completed
Job completed
Job completed
Job completed
Job completed
Job completed
Job completed
Job completed
Job completed
Job completed
(array([0.        +0.06839232j, 0.        +0.04180573j,
       0.01635456+0.j        , 0.03280321+0.j        ,
       0.03627237+0.j        , 0.03953404+0.j        ,
       0.09223496+0.j        , 0.13404116+0.j        ,
       0.51462276+0.j        ]), array([[[ 1.59336616e-02,  2.16806652e-02, -4.05617379e-02],
        [-6.94756805e-01, -6.08789196e-01,  3.13243278e-01],
        [-5.44527842e-02, -6.07458712e-03, -5.00328413e-03]],

       [[-9.02291425e-03, -1.74477813e-02, -1.35785508e-02],
        [-6.51816524e-01,  7.36421101e-01, -3.60799809e-02],
        [-1.10369652e-01, -4.83936410e-02, -2.65255927e-03]],

       [[-1.52156911e-01, -1.63982081e-01, -7.97265903e-02],
        [ 2.08783730e-02, -1.42266590e-01, -1.31086661e-01],
        [-2.18151512e-01, -1.07038579e-01, -1.87995100e-03]],

       [[-1.16363767e-01,  1.83984613e-01, -9.76054896e-02],
        [ 7.54724460e-02,  3.68841556e-02, -1.10777280e-01],
        [-2.19882108e-01, -1.44841857e-01, -3.00423720e-03]],

       [[-4.77070331e-02,  3.92840963e-03, -8.62039664e-02],
        [-7.51503373e-02,  4.19569472e-02, -8.81030429e-02],
        [ 7.48085594e-01,  5.12780994e-01,  9.79292367e-04]],

       [[ 1.51378213e-01, -2.71622909e-02, -1.84660768e-01],
        [ 1.12054148e-01,  2.96030160e-02, -1.89610126e-01],
        [-1.25571200e-01, -1.01271500e-01,  1.38313240e-03]],

       [[-7.65709751e-03, -4.36041680e-03, -2.35021843e-03],
        [-3.31255473e-02, -4.29391245e-03,  4.93281134e-03],
        [ 5.52264520e-01, -8.26466339e-01,  3.95052801e-02]],

       [[ 4.42864208e-04, -5.14367206e-04,  2.53413595e-04],
        [ 3.71765482e-03,  1.15560418e-03, -1.09570805e-03],
        [ 2.41276217e-02, -3.16439502e-02, -9.95216219e-01]],

       [[ 1.50402273e-02,  1.47128897e-02,  5.70508831e-02],
        [-2.43032647e-01, -2.34235884e-01, -9.05232223e-01],
        [ 5.28698704e-04, -1.08103829e-04,  4.91596101e-05]]]))
---------------------
  #    meV     cm^-1
---------------------
  0   68.4i    551.6i
  1   41.8i    337.2i
  2   16.4     131.9
  3   32.8     264.6
  4   36.3     292.6
  5   39.5     318.9
  6   92.2     743.9
  7  134.0    1081.1
  8  514.6    4150.7
---------------------
Zero-point energy: 0.433 eV
(array([0.        +0.06965032j, 0.        +0.04578167j,
       0.00989168+0.j        , 0.02394373+0.j        ,
       0.0325386 +0.j        , 0.03965908+0.j        ,
       0.08880209+0.j        , 0.13207284+0.j        ,
       0.51650374+0.j        ]), array([[[ 1.49028863e-02,  2.57283984e-02, -3.61197988e-02],
        [-6.45615546e-01, -6.80217825e-01,  2.73602489e-01],
        [-5.35364062e-02, -7.59476928e-03, -5.17078530e-03]],

       [[-7.74719639e-03, -2.13187665e-02, -1.89342691e-02],
        [-7.05740988e-01,  6.76991301e-01, -1.14153155e-02],
        [-1.34093128e-01, -6.05818938e-02, -6.16154041e-03]],

       [[ 1.17152928e-01,  1.16443352e-01,  5.88307715e-02],
        [-1.01375525e-01,  1.48430853e-01,  1.02118346e-01],
        [ 5.83025582e-01,  3.47879402e-01,  2.00890659e-02]],

       [[-8.48154681e-02, -1.36157689e-01, -6.55176677e-02],
        [-8.84903221e-02, -5.52379846e-02, -8.19702444e-02],
        [ 5.79332712e-01,  4.02338654e-01,  2.00001058e-02]],

       [[-1.22925239e-01,  1.67314208e-01, -1.31513975e-01],
        [ 4.38409551e-02,  6.25507784e-02, -1.46730229e-01],
        [ 6.14097116e-02,  4.74165170e-02, -3.40047198e-04]],

       [[ 1.61065094e-01, -3.33801424e-02, -1.80066961e-01],
        [ 1.02176356e-01,  2.25793388e-02, -1.79681803e-01],
        [-4.46044217e-02, -5.25891766e-02, -2.27710703e-04]],

       [[ 8.74497102e-03,  4.16035308e-03,  1.48994324e-03],
        [ 3.16988269e-02,  5.56197694e-03, -4.46281199e-03],
        [-5.36701456e-01,  8.36804670e-01, -3.45478494e-02]],

       [[-3.32999400e-04,  5.81084880e-04, -2.12336195e-04],
        [-2.75321219e-03, -1.00211957e-03,  7.24218581e-04],
        [-4.31496258e-02,  1.35338459e-02,  9.94988187e-01]],

       [[ 1.31967777e-02,  1.27895045e-02,  5.80071945e-02],
        [-2.13756284e-01, -2.03746562e-01, -9.19832502e-01],
        [ 3.26663181e-04, -8.05948383e-05,  3.61206923e-05]]]))
---------------------
  #    meV     cm^-1
---------------------
  0   69.7i    561.8i
  1   45.8i    369.3i
  2    9.9      79.8
  3   23.9     193.1
  4   32.5     262.4
  5   39.7     319.9
  6   88.8     716.2
  7  132.1    1065.2
  8  516.5    4165.9
---------------------
Zero-point energy: 0.422 eV
(array([0.        +0.06301361j, 0.        +0.03077129j,
       0.01698898+0.j        , 0.03372951+0.j        ,
       0.03906046+0.j        , 0.04037817+0.j        ,
       0.09636769+0.j        , 0.13593671+0.j        ,
       0.50961338+0.j        ]), array([[[ 1.36095884e-02,  1.56362450e-02, -4.64420471e-02],
        [-7.33049370e-01, -5.38593374e-01,  3.45735293e-01],
        [-6.26283779e-02, -9.11171084e-03, -5.18195956e-03]],

       [[-2.22543886e-02, -1.94650629e-03, -1.01285477e-02],
        [-5.90714704e-01,  7.80536875e-01, -6.72840978e-02],
        [-1.25868395e-01, -6.29494799e-02,  1.61275445e-04]],

       [[ 1.60009312e-01,  1.64893045e-01,  7.28486063e-02],
        [-1.51435509e-02,  1.27823789e-01,  1.36550121e-01],
        [ 1.68275792e-01,  7.98050010e-02, -2.29020215e-03]],

       [[ 1.37229995e-01, -1.85478172e-01,  8.59687209e-02],
        [-9.41218454e-02,  2.84255237e-02,  9.30897164e-02],
        [ 8.88823121e-02,  5.99316505e-02, -1.17501808e-04]],

       [[ 1.25652910e-01, -1.52437619e-02, -2.04974237e-01],
        [ 1.01704625e-01,  5.48419188e-02, -2.18957262e-01],
        [-7.66781283e-02, -6.11394261e-02,  3.45133932e-03]],

       [[ 3.56928740e-02,  1.18213205e-02,  4.88591937e-02],
        [ 1.05260060e-01, -5.98560028e-02,  4.79632012e-02],
        [-7.79000482e-01, -5.54373395e-01,  2.45008109e-02]],

       [[ 6.42707232e-03,  4.38253417e-03,  3.14503414e-03],
        [ 3.41853776e-02,  3.11185933e-03, -5.63067414e-03],
        [-5.68344537e-01,  8.13805899e-01, -6.66366240e-02]],

       [[-4.27651732e-04,  4.93809044e-04, -3.49944544e-04],
        [-4.40315499e-03, -1.11770331e-03,  1.42796754e-03],
        [-1.85514355e-02,  6.86238995e-02,  9.93468018e-01]],

       [[ 1.68597381e-02,  1.64981996e-02,  5.59932369e-02],
        [-2.72136847e-01, -2.62668262e-01, -8.89053049e-01],
        [ 7.51088981e-04, -1.40849505e-04,  9.80678807e-05]]]))
---------------------
  #    meV     cm^-1
---------------------
  0   63.0i    508.2i
  1   30.8i    248.2i
  2   17.0     137.0
  3   33.7     272.0
  4   39.1     315.0
  5   40.4     325.7
  6   96.4     777.3
  7  135.9    1096.4
  8  509.6    4110.3
---------------------
Zero-point energy: 0.436 eV
(array([0.        +0.03129589j, 0.02277511+0.j        ,
       0.02762605+0.j        , 0.03768892+0.j        ,
       0.04529216+0.j        , 0.05484135+0.j        ,
       0.10529795+0.j        , 0.14048631+0.j        ,
       0.48676219+0.j        ]), array([[[-4.55827777e-02, -2.94010563e-02, -7.37540008e-02],
        [-7.64974913e-01, -3.74621138e-01,  3.44000181e-01],
        [-1.17479609e-01, -3.68687756e-02,  1.35498380e-03]],

       [[ 1.10330512e-01,  2.00018095e-01,  3.12664304e-02],
        [-2.78739328e-01,  1.76165730e-01,  1.95318301e-01],
        [ 3.53074274e-02,  1.36563552e-02, -5.62867440e-03]],

       [[ 1.96721076e-01, -9.13558622e-02,  1.34093733e-02],
        [ 1.01851294e-01, -4.13728296e-01,  1.71768509e-01],
        [ 1.45320453e-01,  9.96752380e-02, -2.01636631e-02]],

       [[-6.14854461e-02, -2.68581140e-02,  2.21146093e-01],
        [-1.32639171e-01, -8.42588962e-02,  2.72167294e-01],
        [ 1.71693016e-01,  1.24504174e-01, -2.51443579e-02]],

       [[ 4.84737413e-02, -3.97204608e-02,  6.41535433e-02],
        [-4.13282313e-02,  1.47378453e-01,  2.86993372e-02],
        [-7.22453710e-01, -5.51187011e-01,  1.20019655e-01]],

       [[-5.44629957e-02,  1.02809573e-01,  1.96315043e-03],
        [ 4.27740031e-01, -7.20780986e-01,  1.18105109e-01],
        [-1.82370770e-01, -1.61631386e-01,  3.65897354e-02]],

       [[ 3.65220925e-03,  4.27054862e-03,  5.02834174e-03],
        [ 3.84964273e-02,  2.55536312e-04, -8.76434227e-03],
        [-6.09238619e-01,  7.66306390e-01, -1.76649282e-01]],

       [[-8.60753583e-05,  4.13063142e-04, -8.17744648e-04],
        [-5.75220257e-03, -1.27271608e-04,  1.96967587e-03],
        [-6.82911372e-03,  2.18915236e-01,  9.71618522e-01]],

       [[ 2.10804599e-02,  1.99765558e-02,  5.34394481e-02],
        [-3.39160442e-01, -3.18075064e-01, -8.46844442e-01],
        [ 1.44907796e-03, -2.38145182e-04,  3.39713966e-04]]]))
---------------------
  #    meV     cm^-1
---------------------
  0   31.3i    252.4i
  1   22.8     183.7
  2   27.6     222.8
  3   37.7     304.0
  4   45.3     365.3
  5   54.8     442.3
  6  105.3     849.3
  7  140.5    1133.1
  8  486.8    3926.0
---------------------
Zero-point energy: 0.460 eV
(array([0.        +0.06442947j, 0.        +0.04076039j,
       0.        +0.01205854j, 0.0221403 +0.j        ,
       0.03279675+0.j        , 0.04026976+0.j        ,
       0.08377559+0.j        , 0.12874651+0.j        ,
       0.51375168+0.j        ]), array([[[-7.98633041e-03, -2.66861847e-02,  3.44728011e-02],
        [ 5.68918465e-01,  7.69469906e-01, -2.05188400e-01],
        [ 5.41106342e-02,  9.14865459e-03,  4.45603789e-03]],

       [[ 2.39612642e-02,  2.14367358e-02,  3.26326055e-02],
        [ 7.56033012e-01, -5.81635217e-01, -5.71677904e-05],
        [ 1.98855462e-01,  9.61496597e-02,  9.01985171e-03]],

       [[ 5.14774139e-02,  5.72196608e-02,  1.31901647e-02],
        [-2.15459179e-01,  1.42411949e-01,  4.75406828e-02],
        [ 7.72306404e-01,  4.78572055e-01,  2.86993625e-02]],

       [[-1.14018070e-01, -1.81568001e-01, -8.78041027e-02],
        [ 1.23125977e-02, -1.18741419e-01, -1.20910137e-01],
        [ 2.65001888e-01,  2.02223155e-01,  1.07848592e-02]],

       [[ 1.12821243e-01, -1.52949960e-01,  1.53081881e-01],
        [-1.18610707e-01, -3.90317165e-02,  1.75864963e-01],
        [-9.85287590e-03, -1.27753106e-02,  1.54174926e-03]],

       [[ 1.82399945e-01, -3.98113984e-02, -1.59521350e-01],
        [ 7.57019574e-02,  2.85839068e-02, -1.52112433e-01],
        [-4.02599876e-02, -6.03775135e-02, -6.11033806e-04]],

       [[ 1.02697054e-02,  3.74860470e-03,  3.81714511e-04],
        [ 3.06166081e-02,  7.07774407e-03, -4.08993352e-03],
        [-5.28634489e-01,  8.41999657e-01, -2.72420260e-02]],

       [[-2.11800540e-04,  5.58080581e-04, -2.02544614e-04],
        [-2.25461741e-03, -7.25007035e-04,  3.63598699e-04],
        [-4.16710269e-02,  6.12675155e-03,  9.95126843e-01]],

       [[ 1.05855464e-02,  9.90911823e-03,  5.90406165e-02],
        [-1.71736288e-01, -1.57823347e-01, -9.37549089e-01],
        [ 1.05076049e-04, -9.16598873e-05, -1.82646782e-05]]]))
---------------------
  #    meV     cm^-1
---------------------
  0   64.4i    519.7i
  1   40.8i    328.8i
  2   12.1i     97.3i
  3   22.1     178.6
  4   32.8     264.5
  5   40.3     324.8
  6   83.8     675.7
  7  128.7    1038.4
  8  513.8    4143.7
---------------------
Zero-point energy: 0.411 eV

 ## JOB vib-20-25 FINALIZADO ## 
run
