
 ## JOB vib-5-10 INICIADO ## 


 ## NÚMERO DE NÓS QUE SERÃO UTILIZADOS PARA O JOB: node03 ## 


 ## NÚMERO DE TAREFAS UTILIZADAS PARA O JOB: 32 ## 


 ################################## 


 ##----- INICIO DO TRABALHO -----## 


 ################################## 

Job completed
Job completed
Job completed
Job completed
Job completed
Job completed
Job completed
Job completed
Job completed
Job completed
Job completed
Job completed
Job completed
Job completed
Job completed
Job completed
Job completed
Job completed
Job completed
Job completed
Job completed
Job completed
Job completed
Job completed
Job completed
Job completed
Job completed
Job completed
Job completed
Job completed
Job completed
Job completed
Job completed
Job completed
Job completed
Job completed
Job completed
Job completed
Job completed
Job completed
Job completed
Job completed
Job completed
Job completed
Job completed
Job completed
Job completed
Job completed
Job completed
Job completed
Job completed
Job completed
Job completed
Job completed
Job completed
Job completed
Job completed
Job completed
Job completed
Job completed
Job completed
Job completed
Job completed
Job completed
Job completed
Job completed
Job completed
Job completed
Job completed
Job completed
Job completed
Job completed
Job completed
Job completed
Job completed
Job completed
Job completed
Job completed
Job completed
Job completed
Job completed
Job completed
Job completed
Job completed
Job completed
Job completed
Job completed
Job completed
Job completed
Job completed
Job completed
Job completed
Job completed
Job completed
Job completed
(array([0.        +0.18196344j, 0.        +0.15883101j,
       0.        +0.1239293j , 0.00475806+0.j        ,
       0.01205485+0.j        , 0.02166196+0.j        ,
       0.16091698+0.j        , 0.55882246+0.j        ,
       0.63710311+0.j        ]), array([[[-0.02105365, -0.03927456,  0.04599458],
        [ 0.01835722,  0.00129284, -0.01217979],
        [ 0.29915029,  0.59665932, -0.69353308]],

       [[ 0.03228035,  0.02177608,  0.03308569],
        [-0.50974278,  0.26732649,  0.00933653],
        [ 0.01692619, -0.59334089, -0.51661909]],

       [[ 0.01599434,  0.03444637, -0.04332878],
        [-0.28412448, -0.57700489,  0.72103352],
        [ 0.02158494,  0.04310824, -0.05913822]],

       [[ 0.14802515, -0.18289311,  0.00831475],
        [ 0.14689205, -0.18553115,  0.01134115],
        [ 0.14760702, -0.18510093,  0.00958545]],

       [[-0.1816116 , -0.14529488,  0.03353596],
        [-0.18893959, -0.14322476,  0.03470044],
        [-0.18389957, -0.15158852,  0.03778581]],

       [[ 0.02089973,  0.02829477,  0.23244103],
        [ 0.02304122,  0.02173664,  0.2366366 ],
        [ 0.02088592,  0.02724528,  0.23811316]],

       [[ 0.04289904, -0.04711025, -0.02206998],
        [-0.70219816,  0.33222448, -0.00805375],
        [ 0.03881523,  0.42667826,  0.36443873]],

       [[-0.01345423, -0.04054166, -0.03727253],
        [ 0.31638311,  0.64601879,  0.6411492 ],
        [-0.10263125, -0.00286463, -0.04472612]],

       [[-0.05839907,  0.00875084, -0.01781588],
        [ 0.01323698,  0.06739969,  0.05892245],
        [ 0.91309216, -0.20519048,  0.21828699]]]))
---------------------
  #    meV     cm^-1
---------------------
  0  182.0i   1467.6i
  1  158.8i   1281.1i
  2  123.9i    999.6i
  3    4.8      38.4
  4   12.1      97.2
  5   21.7     174.7
  6  160.9    1297.9
  7  558.8    4507.2
  8  637.1    5138.6
---------------------
Zero-point energy: 0.698 eV
(array([0.        +0.20097045j, 0.        +0.17705231j,
       0.        +0.1392971j , 0.00394442+0.j        ,
       0.01063494+0.j        , 0.02089499+0.j        ,
       0.15163295+0.j        , 0.57934572+0.j        ,
       0.66857159+0.j        ]), array([[[ 0.02123931,  0.03618481, -0.04669439],
        [-0.01120663,  0.00362686,  0.00370341],
        [-0.31345981, -0.56005446,  0.71933599]],

       [[ 0.03215261,  0.02311972,  0.03206792],
        [-0.49011847,  0.27231026,  0.00100779],
        [-0.00580832, -0.62360648, -0.49755444]],

       [[ 0.01732221,  0.03299025, -0.04478339],
        [-0.29720213, -0.54454514,  0.74105963],
        [ 0.01919642,  0.03456247, -0.05102358]],

       [[ 0.14869048, -0.18233104,  0.01052269],
        [ 0.14734172, -0.18416029,  0.01304441],
        [ 0.14844074, -0.18377427,  0.01149456]],

       [[-0.18142446, -0.14603602,  0.03209573],
        [-0.18800978, -0.14461056,  0.03381592],
        [-0.18322335, -0.15018514,  0.03554251]],

       [[ 0.01832829,  0.0290624 ,  0.23270856],
        [ 0.02021354,  0.02381456,  0.23599687],
        [ 0.01834776,  0.02791955,  0.23667981]],

       [[-0.04199225,  0.04833088,  0.01970588],
        [ 0.70373972, -0.35423849,  0.02005008],
        [-0.05264527, -0.42561221, -0.34026945]],

       [[-0.01518731, -0.04139468, -0.03612437],
        [ 0.33249766,  0.66090232,  0.61893407],
        [-0.0913067 , -0.00412472, -0.04138985]],

       [[-0.05801142,  0.01032207, -0.0173841 ],
        [ 0.01107023,  0.06080218,  0.04888556],
        [ 0.90903997, -0.2237232 ,  0.22258988]]]))
---------------------
  #    meV     cm^-1
---------------------
  0  201.0i   1620.9i
  1  177.1i   1428.0i
  2  139.3i   1123.5i
  3    3.9      31.8
  4   10.6      85.8
  5   20.9     168.5
  6  151.6    1223.0
  7  579.3    4672.7
  8  668.6    5392.4
---------------------
Zero-point energy: 0.718 eV
(array([0.        +0.25688439j, 0.        +0.24081581j,
       0.        +0.21683391j, 0.00194211+0.j        ,
       0.00468142+0.j        , 0.01386411+0.j        ,
       0.08700608+0.j        , 0.69636997+0.j        ,
       0.76853312+0.j        ]), array([[[-1.52790786e-02,  4.44978537e-03,  5.47631013e-02],
        [ 2.54544366e-01, -8.22089470e-02, -9.30430774e-01],
        [-1.36423019e-02,  7.61970370e-03,  5.42861896e-02]],

       [[-4.92112916e-02, -1.62249943e-04, -1.24883218e-02],
        [ 5.27280771e-01, -5.34534655e-01,  1.93328611e-01],
        [ 2.52837748e-01,  5.34877755e-01,  4.56590222e-04]],

       [[ 1.50058529e-02, -4.99090390e-03, -5.90289438e-02],
        [ 1.61877964e-02, -1.61218306e-02,  4.96247771e-03],
        [-2.58162398e-01,  8.73942504e-02,  9.26259813e-01]],

       [[ 2.34891769e-01,  4.23019417e-04, -1.84864538e-02],
        [ 2.33260463e-01,  2.06360134e-03, -1.92833732e-02],
        [ 2.36231804e-01,  3.59657039e-03, -1.74969370e-02]],

       [[ 1.53436324e-03, -2.35805839e-01,  1.04486127e-02],
        [-1.83572997e-03, -2.32502767e-01,  1.00680212e-02],
        [ 4.31467666e-03, -2.31252843e-01,  8.96061503e-03]],

       [[ 1.83010648e-02,  1.15761248e-02,  2.34496339e-01],
        [ 2.66921054e-02,  3.01975753e-03,  2.35750728e-01],
        [ 1.24117111e-02, -8.93471980e-04,  2.35343129e-01]],

       [[-3.56321593e-03,  6.39550003e-02, -1.01609859e-02],
        [ 4.24263320e-01, -3.68614538e-01,  1.41461090e-01],
        [-3.56019596e-01, -6.78069725e-01, -5.37312697e-02]],

       [[ 4.61145943e-02, -3.06458330e-02,  1.57867326e-02],
        [ 8.94721496e-02,  6.01053812e-02,  1.94507277e-02],
        [-8.20933903e-01,  4.26164961e-01, -2.68147952e-01]],

       [[-4.44167864e-02, -4.11239818e-02, -8.52131768e-03],
        [ 6.37065687e-01,  7.11166452e-01,  1.11894141e-01],
        [ 6.81327416e-02, -5.81955966e-02,  2.44101511e-02]]]))
---------------------
  #    meV     cm^-1
---------------------
  0  256.9i   2071.9i
  1  240.8i   1942.3i
  2  216.8i   1748.9i
  3    1.9      15.7
  4    4.7      37.8
  5   13.9     111.8
  6   87.0     701.8
  7  696.4    5616.6
  8  768.5    6198.6
---------------------
Zero-point energy: 0.786 eV
(array([0.        +0.14783999j, 0.        +0.13257898j,
       0.        +0.11328436j, 0.00282859+0.j        ,
       0.00353921+0.j        , 0.00984652+0.j        ,
       0.18047222+0.j        , 0.54306563+0.j        ,
       0.59022238+0.j        ]), array([[[ 0.00262878, -0.0209842 , -0.05096051],
        [-0.06398986,  0.34548047,  0.90231847],
        [ 0.01842566, -0.01096125, -0.07520519]],

       [[ 0.05030629, -0.0036139 ,  0.00111929],
        [-0.44758105,  0.54417637, -0.22399671],
        [-0.3490699 , -0.48865009,  0.21073367]],

       [[-0.00378249,  0.02411896,  0.05679522],
        [-0.02238108,  0.02161508, -0.02954492],
        [ 0.07657336, -0.38357116, -0.88123413]],

       [[-0.05251748,  0.22924314, -0.01234252],
        [-0.05250301,  0.22931608, -0.01225035],
        [-0.053485  ,  0.23097593, -0.00727701]],

       [[ 0.22905321,  0.05326667,  0.01397296],
        [ 0.22928527,  0.05312472,  0.01461495],
        [ 0.22932632,  0.05304773,  0.01365531]],

       [[ 0.016427  , -0.00907049, -0.23507863],
        [ 0.01442266, -0.00430447, -0.23211067],
        [ 0.01694511, -0.00543009, -0.23438624]],

       [[-0.00114438, -0.06234634,  0.02580859],
        [-0.40412924,  0.42572798, -0.20844912],
        [ 0.42165986,  0.56619513, -0.1827163 ]],

       [[ 0.04203097, -0.03327059,  0.01828761],
        [ 0.12367942,  0.05512165, -0.01115794],
        [-0.79003224,  0.47251655, -0.27434315]],

       [[-0.05187245, -0.03166636,  0.00836169],
        [ 0.7436301 ,  0.58000195, -0.17036104],
        [ 0.079526  , -0.07742969,  0.03999584]]]))
---------------------
  #    meV     cm^-1
---------------------
  0  147.8i   1192.4i
  1  132.6i   1069.3i
  2  113.3i    913.7i
  3    2.8      22.8
  4    3.5      28.5
  5    9.8      79.4
  6  180.5    1455.6
  7  543.1    4380.1
  8  590.2    4760.5
---------------------
Zero-point energy: 0.665 eV
(array([0.        +0.24677326j, 0.        +0.22425533j,
       0.        +0.18999594j, 0.0051065 +0.j        ,
       0.00870745+0.j        , 0.02039346+0.j        ,
       0.10962805+0.j        , 0.65371923+0.j        ,
       0.74914222+0.j        ]), array([[[-0.02240086, -0.02691226,  0.04958595],
        [ 0.00362721, -0.01234507,  0.01252904],
        [ 0.34817691,  0.43470173, -0.78934303]],

       [[ 0.03476854,  0.02396489,  0.02882443],
        [-0.46075406,  0.30968961, -0.02949074],
        [-0.08162565, -0.67883189, -0.41716498]],

       [[-0.02022801, -0.02603171,  0.04873162],
        [ 0.3306837 ,  0.4190503 , -0.80635887],
        [-0.01478021, -0.0177855 ,  0.0376396 ]],

       [[-0.19006037,  0.13935659,  0.00179806],
        [-0.18893878,  0.13907661,  0.00127997],
        [-0.19027299,  0.13849833,  0.00131079]],

       [[-0.13690903, -0.18794382,  0.03682692],
        [-0.14412705, -0.1856006 ,  0.03905703],
        [-0.13735967, -0.18776049,  0.03896227]],

       [[-0.02293031, -0.02937047, -0.23255968],
        [-0.03008678, -0.02375138, -0.23348382],
        [-0.02236842, -0.02602622, -0.23332812]],

       [[ 0.03699646, -0.05246793, -0.01198076],
        [-0.67558861,  0.40882926, -0.06254522],
        [ 0.10288972,  0.45329319,  0.28431061]],

       [[-0.01939104, -0.04440036, -0.03082346],
        [ 0.39543692,  0.70354397,  0.52855525],
        [-0.08753789,  0.00125642, -0.03668877]],

       [[-0.05697813,  0.01405818, -0.01739066],
        [ 0.01543711,  0.06269602,  0.03870192],
        [ 0.88889489, -0.28527073,  0.23540887]]]))
---------------------
  #    meV     cm^-1
---------------------
  0  246.8i   1990.4i
  1  224.3i   1808.7i
  2  190.0i   1532.4i
  3    5.1      41.2
  4    8.7      70.2
  5   20.4     164.5
  6  109.6     884.2
  7  653.7    5272.6
  8  749.1    6042.2
---------------------
Zero-point energy: 0.773 eV

 ## JOB vib-5-10 FINALIZADO ## 
run
