
 ## JOB vib-0-5 INICIADO ## 


 ## NÚMERO DE NÓS QUE SERÃO UTILIZADOS PARA O JOB: node02 ## 


 ## NÚMERO DE TAREFAS UTILIZADAS PARA O JOB: 32 ## 


 ################################## 


 ##----- INICIO DO TRABALHO -----## 


 ################################## 

Job completed
Job completed
Job completed
Job completed
Job completed
Job completed
Job completed
Job completed
Job completed
Job completed
Job completed
Job completed
Job completed
Job completed
Job completed
Job completed
Job completed
Job completed
Job completed
Job completed
Job completed
Job completed
Job completed
Job completed
Job completed
Job completed
Job completed
Job completed
Job completed
Job completed
Job completed
Job completed
Job completed
Job completed
Job completed
Job completed
Job completed
Job completed
Job completed
Job completed
Job completed
Job completed
Job completed
Job completed
Job completed
Job completed
Job completed
Job completed
Job completed
Job completed
Job completed
Job completed
Job completed
Job completed
Job completed
Job completed
Job completed
Job completed
Job completed
Job completed
Job completed
Job completed
Job completed
Job completed
Job completed
Job completed
Job completed
Job completed
Job completed
Job completed
Job completed
Job completed
Job completed
Job completed
Job completed
Job completed
Job completed
Job completed
Job completed
Job completed
Job completed
Job completed
Job completed
Job completed
Job completed
Job completed
Job completed
Job completed
Job completed
Job completed
Job completed
Job completed
Job completed
Job completed
Job completed
(array([0.        +0.25150311j, 0.        +0.22995523j,
       0.        +0.19797058j, 0.00522723+0.j        ,
       0.00812388+0.j        , 0.01948316+0.j        ,
       0.10082956+0.j        , 0.66615695+0.j        ,
       0.7578422 +0.j        ]), array([[[-0.02252639, -0.02535387,  0.05013191],
        [ 0.00258682, -0.01282259,  0.01455001],
        [ 0.35135817,  0.41132833, -0.80055637]],

       [[ 0.03557224,  0.02361865,  0.02804291],
        [-0.46135993,  0.3190749 , -0.03518861],
        [-0.09449526, -0.68283219, -0.39944239]],

       [[ 0.02046121,  0.02466639, -0.0493754 ],
        [-0.33398786, -0.39636211,  0.81649091],
        [ 0.01412747,  0.01584609, -0.03616173]],

       [[ 0.15804928, -0.17479599,  0.00850142],
        [ 0.15501199, -0.17361107,  0.00928826],
        [ 0.15823555, -0.17351613,  0.00947359]],

       [[ 0.17291754,  0.15498936, -0.03849359],
        [ 0.18023613,  0.15212895, -0.04025957],
        [ 0.17320897,  0.1542137 , -0.04072636]],

       [[ 0.02261767,  0.03284476,  0.23217337],
        [ 0.03100606,  0.02656067,  0.23303453],
        [ 0.02184858,  0.02858853,  0.23234017]],

       [[-0.03591936,  0.05305754,  0.01074459],
        [ 0.66649607, -0.41448465,  0.06923674],
        [-0.11262682, -0.46329604, -0.27737227]],

       [[-0.01991964, -0.04490914, -0.02975327],
        [ 0.40699466,  0.70910517,  0.51148263],
        [-0.09079488,  0.00360354, -0.03684589]],

       [[-0.05686669,  0.01444878, -0.0175259 ],
        [ 0.01786338,  0.06610745,  0.03918851],
        [ 0.88489337, -0.29495487,  0.23725041]]]))
---------------------
  #    meV     cm^-1
---------------------
  0  251.5i   2028.5i
  1  230.0i   1854.7i
  2  198.0i   1596.7i
  3    5.2      42.2
  4    8.1      65.5
  5   19.5     157.1
  6  100.8     813.2
  7  666.2    5372.9
  8  757.8    6112.4
---------------------
Zero-point energy: 0.779 eV
(array([0.        +0.21820518j, 0.        +0.19955952j,
       0.        +0.17137193j, 0.        +0.00238009j,
       0.00526867+0.j        , 0.01306228+0.j        ,
       0.14106393+0.j        , 0.62409522+0.j        ,
       0.70025129+0.j        ]), array([[[-9.98554113e-03,  1.34742479e-02,  5.40577984e-02],
        [ 1.70660839e-01, -2.29672645e-01, -9.25102027e-01],
        [-1.15543256e-02,  1.29609810e-02,  5.68100161e-02]],

       [[-4.98314411e-02,  2.96906310e-03, -8.84613877e-03],
        [ 4.98005378e-01, -5.51286382e-01,  2.27601010e-01],
        [ 2.92913231e-01,  5.03555598e-01, -9.04096068e-02]],

       [[-1.03344073e-02,  1.47647807e-02,  5.85667022e-02],
        [-1.33021080e-02,  1.43900735e-02, -8.48891863e-03],
        [ 1.78409768e-01, -2.37250604e-01, -9.18636125e-01]],

       [[ 2.26565841e-01,  6.46167809e-02, -1.01047232e-03],
        [ 2.26695379e-01,  6.46167067e-02, -9.58052265e-04],
        [ 2.26419890e-01,  6.48025787e-02, -1.76118872e-05]],

       [[ 6.46172802e-02, -2.26621154e-01,  1.77293630e-03],
        [ 6.38241749e-02, -2.25773942e-01,  1.96852190e-03],
        [ 6.56886486e-02, -2.26346763e-01, -8.19858958e-04]],

       [[ 3.98995388e-04,  2.32323894e-03,  2.35568759e-01],
        [ 3.61234514e-03, -1.92488741e-03,  2.34633642e-01],
        [-1.60903198e-03, -2.17052818e-03,  2.36891943e-01]],

       [[-6.39160838e-04, -6.42771000e-02,  1.69410434e-02],
        [-3.99540909e-01,  3.80164350e-01, -1.67682642e-01],
        [ 4.08398450e-01,  6.46121434e-01, -7.34045106e-02]],

       [[ 4.52219589e-02, -3.12557638e-02,  1.70015162e-02],
        [ 8.82267247e-02,  4.18880530e-02,  6.31505115e-03],
        [-8.05675907e-01,  4.54037170e-01, -2.73256950e-01]],

       [[-4.75516182e-02, -3.80683018e-02,  7.02306207e-04],
        [ 7.01325748e-01,  6.58602900e-01, -3.40640887e-02],
        [ 5.30590999e-02, -5.45876682e-02,  2.43688089e-02]]]))
---------------------
  #    meV     cm^-1
---------------------
  0  218.2i   1759.9i
  1  199.6i   1609.6i
  2  171.4i   1382.2i
  3    2.4i     19.2i
  4    5.3      42.5
  5   13.1     105.4
  6  141.1    1137.8
  7  624.1    5033.7
  8  700.3    5647.9
---------------------
Zero-point energy: 0.742 eV
(array([0.        +0.26367092j, 0.        +0.25666021j,
       0.        +0.24759457j, 0.00242419+0.j        ,
       0.00296374+0.j        , 0.01175155+0.j        ,
       0.01962628+0.j        , 0.74851008+0.j        ,
       0.78189801+0.j        ]), array([[[-0.01820587, -0.00456765,  0.05281649],
        [ 0.30861669,  0.06918517, -0.91466269],
        [-0.02294522, -0.00229752,  0.0708855 ]],

       [[ 0.04811259,  0.00754684,  0.01354577],
        [-0.5256605 ,  0.48472354, -0.14191478],
        [-0.23491319, -0.60028805, -0.06753265]],

       [[ 0.01728119,  0.00416025, -0.05951754],
        [ 0.02840507, -0.03229606,  0.0253186 ],
        [-0.30450011, -0.03902437,  0.91328559]],

       [[ 0.12498342, -0.20673638, -0.02541352],
        [-0.03719769, -0.05987504, -0.06701089],
        [ 0.21202797,  0.02306727,  0.02369988]],

       [[-0.19937827, -0.12623273,  0.00284259],
        [-0.28377598, -0.05011352, -0.01790245],
        [-0.15456245, -0.00816342,  0.02761481]],

       [[-0.0070515 ,  0.03245878, -0.16423808],
        [-0.32890249,  0.3244208 , -0.24776089],
        [ 0.16548594,  0.48983599, -0.065434  ]],

       [[-0.0152907 , -0.00313483, -0.16693244],
        [ 0.31910902, -0.30661737, -0.07842047],
        [-0.19563808, -0.48116672, -0.27223071]],

       [[ 0.04185268, -0.03458819,  0.01206859],
        [ 0.15726384,  0.1666386 ,  0.06605714],
        [-0.82133731,  0.38210103, -0.25593181]],

       [[-0.04638176, -0.03839796, -0.01866377],
        [ 0.55049216,  0.71982573,  0.24075941],
        [ 0.18582854, -0.11013139,  0.05631152]]]))
---------------------
  #    meV     cm^-1
---------------------
  0  263.7i   2126.6i
  1  256.7i   2070.1i
  2  247.6i   1997.0i
  3    2.4      19.6
  4    3.0      23.9
  5   11.8      94.8
  6   19.6     158.3
  7  748.5    6037.1
  8  781.9    6306.4
---------------------
Zero-point energy: 0.784 eV
(array([0.        +0.22247905j, 0.        +0.19835074j,
       0.        +0.15968627j, 0.00442597+0.j        ,
       0.00993875+0.j        , 0.02036131+0.j        ,
       0.13717379+0.j        , 0.60808652+0.j        ,
       0.70580571+0.j        ]), array([[[ 0.02168028,  0.03242999, -0.04785216],
        [-0.00604896,  0.00772076, -0.00401258],
        [-0.32974129, -0.51093566,  0.74944601]],

       [[-0.0327353 , -0.02415497, -0.03089348],
        [ 0.47149572, -0.28357485,  0.01080792],
        [ 0.03616144,  0.65345606,  0.46850159]],

       [[ 0.01877151,  0.03053951, -0.04640369],
        [-0.31291845, -0.49757732,  0.76748129],
        [ 0.01714195,  0.02616274, -0.04453268]],

       [[ 0.14683597, -0.18406016,  0.00819343],
        [ 0.14517943, -0.1848345 ,  0.01001267],
        [ 0.14665104, -0.18477396,  0.00898157]],

       [[-0.18222343, -0.14373941,  0.03800847],
        [-0.18858353, -0.14248732,  0.04017263],
        [-0.18348748, -0.1461544 ,  0.0406985 ]],

       [[ 0.02463758,  0.03065022,  0.23205444],
        [ 0.02813974,  0.02595602,  0.23414783],
        [ 0.02450597,  0.02917018,  0.23468973]],

       [[ 0.04043238, -0.04999861, -0.01659564],
        [-0.69828149,  0.37962745, -0.03667022],
        [ 0.07146014,  0.43040875,  0.31408603]],

       [[-0.01707523, -0.04257099, -0.03427297],
        [ 0.35588315,  0.67927225,  0.58590323],
        [-0.08478036, -0.00369817, -0.03846613]],

       [[-0.05753583,  0.01205535, -0.01718362],
        [ 0.01087282,  0.05777609,  0.0416706 ],
        [ 0.90203308, -0.24839514,  0.22797211]]]))
---------------------
  #    meV     cm^-1
---------------------
  0  222.5i   1794.4i
  1  198.4i   1599.8i
  2  159.7i   1288.0i
  3    4.4      35.7
  4    9.9      80.2
  5   20.4     164.2
  6  137.2    1106.4
  7  608.1    4904.5
  8  705.8    5692.7
---------------------
Zero-point energy: 0.743 eV
(array([0.        +0.07730224j, 0.        +0.06496575j,
       0.        +0.05326201j, 0.00550112+0.j        ,
       0.01614966+0.j        , 0.02312328+0.j        ,
       0.18600318+0.j        , 0.47883448+0.j        ,
       0.49719606+0.j        ]), array([[[ 0.03428385,  0.06798256, -0.05204602],
        [-0.22728849, -0.18818269,  0.24372765],
        [-0.17949105, -0.72014587,  0.39969513]],

       [[ 0.03097828, -0.00291833,  0.0512711 ],
        [-0.53639256,  0.40935135, -0.10695717],
        [ 0.10236168, -0.35785795, -0.57420196]],

       [[-0.00091478,  0.01088311, -0.01183646],
        [-0.31055523, -0.58384789,  0.58048983],
        [ 0.10778952,  0.23760285, -0.38155151]],

       [[ 0.16170418, -0.17030098,  0.00454703],
        [ 0.16531511, -0.18034401,  0.0113618 ],
        [ 0.16153386, -0.17376542,  0.01062642]],

       [[ 0.16915986,  0.16005027,  0.00920525],
        [ 0.17114177,  0.12782568,  0.03499463],
        [ 0.18701277,  0.21701834, -0.03219057]],

       [[-0.00930874,  0.00120381,  0.23183114],
        [-0.00346826, -0.02070983,  0.24587348],
        [-0.01677453, -0.02441362,  0.27539134]],

       [[ 0.04359153, -0.04207682, -0.03293342],
        [-0.65628769,  0.22949544,  0.02718562],
        [-0.01557814,  0.43936033,  0.48906696]],

       [[ 0.04174451, -0.02566577, -0.01054429],
        [ 0.1511752 ,  0.29965215,  0.37372725],
        [-0.80926083,  0.10515313, -0.18413872]],

       [[-0.04330422, -0.02657383, -0.04449057],
        [ 0.21457822,  0.50641095,  0.61808855],
        [ 0.4703784 , -0.08339008,  0.08327512]]]))
---------------------
  #    meV     cm^-1
---------------------
  0   77.3i    623.5i
  1   65.0i    524.0i
  2   53.3i    429.6i
  3    5.5      44.4
  4   16.1     130.3
  5   23.1     186.5
  6  186.0    1500.2
  7  478.8    3862.1
  8  497.2    4010.2
---------------------
Zero-point energy: 0.603 eV

 ## JOB vib-0-5 FINALIZADO ## 
run
