
 ## JOB vib-10-15 INICIADO ## 


 ## NÚMERO DE NÓS QUE SERÃO UTILIZADOS PARA O JOB: node06 ## 


 ## NÚMERO DE TAREFAS UTILIZADAS PARA O JOB: 32 ## 


 ################################## 


 ##----- INICIO DO TRABALHO -----## 


 ################################## 

Job completed
Job completed
Job completed
Job completed
Job completed
Job completed
Job completed
Job completed
Job completed
Job completed
Job completed
Job completed
Job completed
Job completed
Job completed
Job completed
Job completed
Job completed
Job completed
Job completed
Job completed
Job completed
Job completed
Job completed
Job completed
Job completed
Job completed
Job completed
Job completed
Job completed
Job completed
Job completed
Job completed
Job completed
Job completed
Job completed
Job completed
Job completed
Job completed
Job completed
Job completed
Job completed
Job completed
Job completed
Job completed
Job completed
Job completed
Job completed
Job completed
Job completed
Job completed
Job completed
Job completed
Job completed
Job completed
Job completed
Job completed
Job completed
Job completed
Job completed
Job completed
Job completed
Job completed
Job completed
Job completed
Job completed
Job completed
Job completed
Job completed
Job completed
Job completed
Job completed
Job completed
Job completed
Job completed
Job completed
Job completed
Job completed
Job completed
Job completed
Job completed
Job completed
Job completed
Job completed
Job completed
Job completed
Job completed
Job completed
Job completed
Job completed
Job completed
Job completed
Job completed
Job completed
Job completed
(array([0.        +0.07261245j, 0.01874362+0.j        ,
       0.0276953 +0.j        , 0.04010528+0.j        ,
       0.06312631+0.j        , 0.06965975+0.j        ,
       0.075203  +0.j        , 0.11289815+0.j        ,
       0.45789112+0.j        ]), array([[[ 8.83479741e-02,  2.70075991e-03, -3.36227881e-02],
        [ 3.31520744e-01, -6.18292974e-04, -1.23132270e-01],
        [-8.37420240e-01,  1.70459387e-02, -1.53252833e-01]],

       [[-8.70694524e-03, -2.21971126e-01, -7.01377086e-02],
        [-1.85567069e-03, -3.59690927e-01, -2.53808646e-02],
        [ 2.39735234e-02, -4.69226428e-03, -1.12117139e-02]],

       [[ 2.08024523e-01, -3.32866030e-02,  9.19732125e-02],
        [ 1.49997451e-01, -2.32280803e-02,  1.09247931e-01],
        [ 3.32503650e-01, -8.70552407e-02, -1.59494404e-02]],

       [[ 7.82909699e-02,  5.63707297e-02, -2.10447839e-01],
        [-1.96891876e-02,  1.04540792e-01, -1.91286873e-01],
        [ 2.94434603e-01, -7.14150471e-02, -4.11901248e-02]],

       [[-2.37900702e-02,  1.35871114e-02,  2.96061915e-03],
        [ 1.01049846e-01, -1.31092468e-01,  9.17767171e-03],
        [-5.49174458e-02, -9.57443736e-01,  1.81152485e-01]],

       [[ 1.16621658e-02, -8.80296771e-02,  1.39858666e-02],
        [-3.33560124e-01,  8.25219930e-01, -1.74841205e-01],
        [-9.85790745e-02, -1.73956192e-01, -3.17169581e-02]],

       [[ 5.27256890e-02,  2.58986085e-02, -1.43268071e-02],
        [-7.92124308e-01, -2.59705463e-01,  3.69205506e-01],
        [-2.33614924e-01, -8.50792022e-02, -2.02485850e-01]],

       [[-3.73837288e-02,  3.51878205e-04,  1.72106431e-02],
        [ 1.44310887e-01,  2.36187779e-03, -4.67298866e-02],
        [ 1.60049945e-01, -1.57716116e-01, -9.44284409e-01]],

       [[ 1.84265554e-02,  1.83051604e-02,  5.47806372e-02],
        [-2.99177484e-01, -2.92560338e-01, -8.70966076e-01],
        [ 6.32571761e-03, -2.79807883e-04,  2.14362052e-03]]]))
---------------------
  #    meV     cm^-1
---------------------
  0   72.6i    585.7i
  1   18.7     151.2
  2   27.7     223.4
  3   40.1     323.5
  4   63.1     509.1
  5   69.7     561.8
  6   75.2     606.6
  7  112.9     910.6
  8  457.9    3693.1
---------------------
Zero-point energy: 0.433 eV
(array([0.00749579+0.j, 0.01831982+0.j, 0.02328557+0.j, 0.05563287+0.j,
       0.08519804+0.j, 0.11011113+0.j, 0.18756048+0.j, 0.26046574+0.j,
       0.44511546+0.j]), array([[[ 0.16914868, -0.16267495,  0.00188068],
        [ 0.16880296, -0.16734287,  0.00452852],
        [ 0.17684593, -0.17340679,  0.00139079]],

       [[ 0.15605354,  0.16209725,  0.0651836 ],
        [ 0.15670602,  0.20682895,  0.03496048],
        [ 0.16628882,  0.13776359,  0.07657937]],

       [[-0.04846569, -0.05101155,  0.22882286],
        [-0.0479367 ,  0.00870616,  0.18673064],
        [-0.00826024, -0.00833271,  0.21223134]],

       [[-0.01366167, -0.06061209,  0.01667956],
        [ 0.148531  ,  0.75729129, -0.56108469],
        [ 0.01465194,  0.10739993, -0.06524837]],

       [[ 0.03800956,  0.01324346,  0.02046659],
        [-0.70225508,  0.24187614,  0.06845373],
        [ 0.03797012, -0.48498629, -0.40828282]],

       [[-0.00992941,  0.03357717, -0.02436015],
        [ 0.15862639,  0.09420201, -0.10975356],
        [-0.13593026, -0.73102302,  0.60351592]],

       [[ 0.0349562 , -0.03296568, -0.04595162],
        [-0.58965902,  0.1249737 ,  0.03606252],
        [ 0.05293746,  0.38955317,  0.63461395]],

       [[-0.06306592,  0.00968437, -0.00987611],
        [ 0.01364456, -0.03918023, -0.04693515],
        [ 0.95332465, -0.09974992,  0.05653943]],

       [[-0.0161799 , -0.03171607, -0.04890776],
        [ 0.22010094,  0.51301476,  0.78797285],
        [ 0.03612609, -0.01012457, -0.00630617]]]))
---------------------
  #    meV     cm^-1
---------------------
  0    7.5      60.5
  1   18.3     147.8
  2   23.3     187.8
  3   55.6     448.7
  4   85.2     687.2
  5  110.1     888.1
  6  187.6    1512.8
  7  260.5    2100.8
  8  445.1    3590.1
---------------------
Zero-point energy: 0.597 eV
(array([0.01393692+0.j, 0.01858456+0.j, 0.03622747+0.j, 0.04775429+0.j,
       0.05793637+0.j, 0.07467286+0.j, 0.12239074+0.j, 0.13605114+0.j,
       0.46413707+0.j]), array([[[ 2.02386825e-01,  9.05696261e-02,  3.79603554e-02],
        [ 3.90121828e-01,  1.73251488e-01, -7.79443878e-02],
        [-1.24458066e-02, -2.06557068e-02, -1.80771103e-03]],

       [[ 1.00907027e-01, -1.93527358e-01, -8.69465463e-02],
        [ 1.36548901e-01, -3.02832753e-01, -6.48158246e-02],
        [-3.74778243e-02, -5.42409204e-03, -4.73689081e-03]],

       [[-1.63443255e-02,  7.98864440e-02, -2.08230100e-01],
        [ 2.65299863e-02,  1.51096677e-01, -2.53952457e-01],
        [-2.50231897e-01, -1.88238502e-01,  1.10669346e-01]],

       [[ 7.17907676e-02,  3.62513411e-02, -7.84786198e-02],
        [-5.37813718e-01,  2.26585943e-02,  2.03993377e-01],
        [ 4.68166843e-01,  4.03412130e-01, -2.79921620e-01]],

       [[-7.32083047e-02,  7.39658794e-03, -2.85029503e-02],
        [ 6.10205186e-01, -4.53706433e-02, -3.18450121e-01],
        [ 4.28909525e-01,  4.08458358e-01, -2.58096986e-01]],

       [[-4.62460233e-05, -9.35296430e-02,  1.68368685e-02],
        [-1.17800363e-01,  8.70584469e-01, -2.68629121e-01],
        [ 4.24814749e-02,  4.29886949e-02, -3.33212619e-02]],

       [[-8.20637360e-04, -3.34815635e-03, -8.88069479e-03],
        [ 1.88126047e-02,  1.21353556e-03, -1.55253582e-02],
        [ 7.14825564e-01, -6.47670705e-01,  2.44077341e-01]],

       [[-4.56795803e-03, -1.56177036e-04,  4.51053849e-03],
        [ 2.97749513e-03, -6.72498664e-03,  1.60910107e-03],
        [-1.09315071e-01, -4.53065837e-01, -8.79848784e-01]],

       [[ 2.36474598e-02,  1.83975358e-02,  5.28151284e-02],
        [-3.80375261e-01, -2.94912883e-01, -8.37774561e-01],
        [ 3.79255213e-03, -2.82584134e-04,  1.40603622e-03]]]))
---------------------
  #    meV     cm^-1
---------------------
  0   13.9     112.4
  1   18.6     149.9
  2   36.2     292.2
  3   47.8     385.2
  4   57.9     467.3
  5   74.7     602.3
  6  122.4     987.1
  7  136.1    1097.3
  8  464.1    3743.5
---------------------
Zero-point energy: 0.486 eV
(array([0.        +0.14173041j, 0.00824803+0.j        ,
       0.02313373+0.j        , 0.03638313+0.j        ,
       0.05656155+0.j        , 0.0748938 +0.j        ,
       0.08654451+0.j        , 0.12385401+0.j        ,
       0.44387118+0.j        ]), array([[[-5.12126251e-02, -5.39011234e-03,  1.12332410e-02],
        [-1.64620139e-01,  7.16306823e-03,  4.66841503e-02],
        [ 9.10477589e-01, -2.90169595e-02,  2.98042817e-01]],

       [[ 1.73802029e-01, -1.34332283e-01, -3.05541861e-02],
        [ 1.76239755e-01, -1.93085052e-01, -8.26985609e-03],
        [ 1.85462860e-01, -3.26901474e-01, -4.13827259e-02]],

       [[-1.44452259e-01, -1.74384563e-01, -6.91185020e-02],
        [-1.14281130e-01, -2.55779456e-01, -4.66906986e-02],
        [-1.43541116e-01,  3.15113627e-02, -1.07669279e-02]],

       [[-6.34977265e-03, -7.55448468e-02,  2.27752007e-01],
        [-1.81922621e-02, -7.97572234e-02,  2.31516788e-01],
        [-8.95344352e-02,  7.41823989e-02,  6.10941877e-02]],

       [[ 5.54907618e-02, -4.42613907e-02, -2.13641295e-02],
        [ 1.95279390e-01,  5.68525413e-02, -1.01355988e-01],
        [ 1.04579145e-01,  9.16721081e-01,  4.35605105e-02]],

       [[ 2.06031987e-03, -7.66847757e-02,  1.51000634e-02],
        [-1.70924766e-01,  8.73029897e-01, -2.96081098e-01],
        [-9.42439132e-03, -1.00967141e-01, -7.54792974e-02]],

       [[-5.21455496e-02, -7.90901404e-05,  1.57029189e-02],
        [ 7.92588545e-01,  8.30792063e-02, -2.64915468e-01],
        [-4.88208403e-02, -1.63665794e-01,  4.58848744e-01]],

       [[-5.20725087e-02,  6.15753186e-03,  2.97250801e-02],
        [ 3.98364851e-01, -2.16970752e-02, -9.25316210e-02],
        [ 2.94341953e-01, -2.24089797e-02, -8.24337917e-01]],

       [[ 1.59084651e-02,  2.08601133e-02,  5.46005339e-02],
        [-2.57432796e-01, -3.31903104e-01, -8.70262195e-01],
        [ 5.55298271e-03, -6.17733671e-04,  1.78936782e-03]]]))
---------------------
  #    meV     cm^-1
---------------------
  0  141.7i   1143.1i
  1    8.2      66.5
  2   23.1     186.6
  3   36.4     293.4
  4   56.6     456.2
  5   74.9     604.1
  6   86.5     698.0
  7  123.9     999.0
  8  443.9    3580.1
---------------------
Zero-point energy: 0.427 eV
(array([0.        +0.17176502j, 0.00376512+0.j        ,
       0.02341369+0.j        , 0.03489957+0.j        ,
       0.07216085+0.j        , 0.07867991+0.j        ,
       0.09993542+0.j        , 0.14654053+0.j        ,
       0.43154967+0.j        ]), array([[[-4.65917954e-02, -5.03344159e-03,  8.29035912e-03],
        [-1.09696520e-01,  9.10051118e-03,  1.93752020e-02],
        [ 9.05884744e-01,  1.29423146e-02,  3.50470182e-01]],

       [[ 1.63299904e-01, -1.55824135e-01, -3.20974213e-02],
        [ 1.56571797e-01, -2.04538876e-01, -8.03702951e-03],
        [ 1.67044203e-01, -2.65742762e-01, -4.60954652e-02]],

       [[-1.68619542e-01, -1.58458297e-01, -4.94532742e-02],
        [-1.58973109e-01, -2.13330573e-01, -2.74425556e-02],
        [-1.50015928e-01, -9.36816162e-02, -2.48333063e-02]],

       [[ 4.57341399e-03,  6.01419569e-02, -2.32803471e-01],
        [ 3.55030299e-02,  4.24632724e-02, -2.31824436e-01],
        [ 8.91077748e-02, -7.93790905e-04, -9.67017445e-02]],

       [[-7.32926437e-03,  8.76634468e-02, -2.75925832e-03],
        [-2.81851946e-01, -4.48916478e-01,  3.10356071e-01],
        [ 3.19785890e-03, -6.97727875e-01, -7.06654834e-02]],

       [[-1.37894541e-03, -2.65383114e-02,  1.87162980e-02],
        [-3.00679019e-01,  7.40627926e-01, -2.45556547e-01],
        [ 2.09192101e-02, -5.02734463e-01, -1.51260688e-01]],

       [[-4.24529208e-02,  1.72373623e-02,  5.79175888e-03],
        [ 6.73794810e-01,  5.10551063e-02, -1.96624766e-01],
        [-1.46563230e-01, -4.05391744e-01,  5.26421024e-01]],

       [[ 5.61445313e-02, -1.40699351e-02, -3.84763794e-02],
        [-5.04304478e-01,  5.38182652e-02,  7.92194093e-02],
        [-3.01925023e-01,  9.26833424e-02,  7.43066615e-01]],

       [[ 1.42375565e-02,  2.42295585e-02,  5.37583494e-02],
        [-2.25414462e-01, -3.83761253e-01, -8.57654893e-01],
        [ 4.94238564e-04, -1.05000402e-03,  9.67401132e-04]]]))
---------------------
  #    meV     cm^-1
---------------------
  0  171.8i   1385.4i
  1    3.8      30.4
  2   23.4     188.8
  3   34.9     281.5
  4   72.2     582.0
  5   78.7     634.6
  6   99.9     806.0
  7  146.5    1181.9
  8  431.5    3480.7
---------------------
Zero-point energy: 0.445 eV

 ## JOB vib-10-15 FINALIZADO ## 
run
