
 ## JOB vib-15-20 INICIADO ## 


 ## NÚMERO DE NÓS QUE SERÃO UTILIZADOS PARA O JOB: node07 ## 


 ## NÚMERO DE TAREFAS UTILIZADAS PARA O JOB: 32 ## 


 ################################## 


 ##----- INICIO DO TRABALHO -----## 


 ################################## 

Job completed
Job completed
Job completed
Job completed
Job completed
Job completed
Job completed
Job completed
Job completed
Job completed
Job completed
Job completed
Job completed
Job completed
Job completed
Job completed
Job completed
Job completed
Job completed
Job completed
Job completed
Job completed
Job completed
Job completed
Job completed
Job completed
Job completed
Job completed
Job completed
Job completed
Job completed
Job completed
Job completed
Job completed
Job completed
Job completed
Job completed
Job completed
Job completed
Job completed
Job completed
Job completed
Job completed
Job completed
Job completed
Job completed
Job completed
Job completed
Job completed
Job completed
Job completed
Job completed
Job completed
Job completed
Job completed
Job completed
Job completed
Job completed
Job completed
Job completed
Job completed
Job completed
Job completed
Job completed
Job completed
Job completed
Job completed
Job completed
Job completed
Job completed
Job completed
Job completed
Job completed
Job completed
Job completed
Job completed
Job completed
Job completed
Job completed
Job completed
Job completed
Job completed
Job completed
Job completed
Job completed
Job completed
Job completed
Job completed
Job completed
Job completed
Job completed
Job completed
Job completed
Job completed
Job completed
(array([0.        +0.06674917j, 0.        +0.03860626j,
       0.01633064+0.j        , 0.0328552 +0.j        ,
       0.03507898+0.j        , 0.03933457+0.j        ,
       0.09381211+0.j        , 0.13475356+0.j        ,
       0.51294271+0.j        ]), array([[[ 1.53664156e-02,  1.94687596e-02, -4.27547887e-02],
        [-7.13033735e-01, -5.78099201e-01,  3.27113284e-01],
        [-5.97505557e-02, -8.30496977e-03, -5.29699410e-03]],

       [[-1.29489421e-02, -1.38213001e-02, -1.18510862e-02],
        [-6.24426657e-01,  7.56922308e-01, -4.94890286e-02],
        [-1.24096836e-01, -5.87084630e-02, -2.24518503e-03]],

       [[-1.53657778e-01, -1.60719968e-01, -7.68516155e-02],
        [ 2.77337645e-02, -1.42779152e-01, -1.32471606e-01],
        [-2.42698734e-01, -1.26390621e-01, -9.93265400e-04]],

       [[-9.75232298e-02,  1.82070766e-01, -7.22646452e-02],
        [ 1.05802210e-01,  7.36430396e-03, -8.19867548e-02],
        [-3.82074966e-01, -2.60989294e-01, -9.53335351e-04]],

       [[-9.55865168e-02,  4.63775092e-02, -8.63075901e-02],
        [-7.29906100e-02,  4.71176380e-02, -9.21063938e-02],
        [ 6.75623009e-01,  4.71341813e-01, -3.74216403e-03]],

       [[ 1.39791120e-01, -2.33198711e-02, -1.96832386e-01],
        [ 1.01954162e-01,  4.16425123e-02, -2.04593154e-01],
        [-4.80113721e-02, -4.52046712e-02,  1.63255283e-03]],

       [[-7.14700849e-03, -4.39680677e-03, -2.64208926e-03],
        [-3.36058525e-02, -3.89429293e-03,  5.24443608e-03],
        [ 5.55664415e-01, -8.23708993e-01,  4.90270296e-02]],

       [[ 4.32152012e-04, -5.14813399e-04,  2.75825173e-04],
        [ 3.84460558e-03,  1.18719715e-03, -1.21352874e-03],
        [ 2.59716728e-02, -4.18897221e-02, -9.94790518e-01]],

       [[ 1.57799126e-02,  1.54559605e-02,  5.66400156e-02],
        [-2.54770584e-01, -2.46013332e-01, -8.98871376e-01],
        [ 6.09917463e-04, -1.16246324e-04,  7.02317712e-05]]]))
---------------------
  #    meV     cm^-1
---------------------
  0   66.7i    538.4i
  1   38.6i    311.4i
  2   16.3     131.7
  3   32.9     265.0
  4   35.1     282.9
  5   39.3     317.3
  6   93.8     756.6
  7  134.8    1086.9
  8  512.9    4137.2
---------------------
Zero-point energy: 0.433 eV
(array([0.        +0.06550301j, 0.        +0.03620647j,
       0.01677315+0.j        , 0.03335631+0.j        ,
       0.03673529+0.j        , 0.03924068+0.j        ,
       0.09477546+0.j        , 0.13518468+0.j        ,
       0.51187692+0.j        ]), array([[[-1.49093323e-02, -1.82093905e-02,  4.38777049e-02],
        [ 7.20431479e-01,  5.63777140e-01, -3.34643025e-01],
        [ 6.12612959e-02,  8.99750767e-03,  5.36255789e-03]],

       [[-1.58847153e-02, -1.07354347e-02, -1.15919245e-02],
        [-6.12392165e-01,  7.65810496e-01, -5.64568845e-02],
        [-1.25495207e-01, -6.05613353e-02, -1.61362985e-03]],

       [[-1.56658141e-01, -1.61904212e-01, -7.56699945e-02],
        [ 2.38774158e-02, -1.40168202e-01, -1.33677795e-01],
        [-2.13912988e-01, -1.08419381e-01,  1.33825888e-04]],

       [[-1.20518405e-01,  1.87132526e-01, -8.67155093e-02],
        [ 9.33891212e-02,  1.65103205e-03, -9.65366132e-02],
        [-2.16051461e-01, -1.47101233e-01, -1.76505786e-04]],

       [[-6.99106086e-02,  9.77875902e-03, -5.84702964e-02],
        [-9.78825778e-02,  4.72914461e-02, -6.00709963e-02],
        [ 7.51903910e-01,  5.27105252e-01, -9.11079431e-03]],

       [[ 1.33287230e-01, -2.14256226e-02, -2.01475388e-01],
        [ 9.87150271e-02,  4.63313053e-02, -2.11104148e-01],
        [-3.16109403e-02, -3.25919293e-02,  1.72033701e-03]],

       [[ 6.91911994e-03,  4.39968773e-03,  2.70575570e-03],
        [ 3.38045238e-02,  3.60817612e-03, -5.50098845e-03],
        [-5.59543620e-01,  8.20541969e-01, -5.75845508e-02]],

       [[ 4.17343041e-04, -5.16124090e-04,  2.95240336e-04],
        [ 3.95689086e-03,  1.19813840e-03, -1.27544791e-03],
        [ 2.60050792e-02, -5.22494233e-02, -9.94298813e-01]],

       [[ 1.61804731e-02,  1.58497194e-02,  5.63935935e-02],
        [-2.61231880e-01, -2.52399954e-01, -8.95262930e-01],
        [ 6.55845839e-04, -1.43563158e-04,  7.23587898e-05]]]))
---------------------
  #    meV     cm^-1
---------------------
  0   65.5i    528.3i
  1   36.2i    292.0i
  2   16.8     135.3
  3   33.4     269.0
  4   36.7     296.3
  5   39.2     316.5
  6   94.8     764.4
  7  135.2    1090.3
  8  511.9    4128.6
---------------------
Zero-point energy: 0.434 eV
(array([0.        +0.05058416j, 0.        +0.02217158j,
       0.02158091+0.j        , 0.02670401+0.j        ,
       0.03539318+0.j        , 0.04102704+0.j        ,
       0.07836532+0.j        , 0.12461951+0.j        ,
       0.50458558+0.j        ]), array([[[ 6.49363487e-03, -1.74776068e-02,  3.71806800e-02],
        [ 4.88436171e-01,  8.39876722e-01, -1.31246445e-01],
        [ 5.76216303e-02,  9.52160153e-03,  2.22727509e-03]],

       [[-8.90789081e-02, -2.94378828e-02, -6.93846446e-02],
        [-6.80613777e-01,  4.59706536e-01, -4.44653802e-02],
        [-2.80508416e-01, -1.43959784e-01, -5.56560085e-04]],

       [[-4.37258533e-02, -1.79134380e-01, -5.90238315e-03],
        [ 3.30628473e-01, -2.15773689e-01, -5.33634038e-02],
        [-4.54415616e-01, -2.94280830e-01,  5.36305906e-03]],

       [[ 5.30074776e-02,  1.30709643e-01,  7.38991006e-02],
        [ 3.96956954e-02,  2.30982505e-02,  8.81804510e-02],
        [-6.22445452e-01, -4.38476255e-01,  5.43272074e-03]],

       [[ 5.92427728e-02, -9.54981919e-02,  1.90720834e-01],
        [-3.78561684e-01,  7.68251876e-02,  2.30789140e-01],
        [ 8.45738639e-02,  6.81367030e-02, -2.30773620e-04]],

       [[ 2.14675253e-01, -5.45525234e-02, -1.04212000e-01],
        [-1.32074460e-01,  9.82547806e-02, -7.46691627e-02],
        [-4.93992924e-02, -7.66184515e-02,  1.69492269e-03]],

       [[-1.20013952e-02, -3.44423062e-03,  7.78874026e-04],
        [-3.36760415e-02, -8.61125858e-03,  4.52578019e-03],
        [ 5.53588091e-01, -8.25369674e-01,  2.56103452e-02]],

       [[ 1.60739545e-04, -4.33914558e-04,  2.89624873e-04],
        [ 2.47211832e-03,  5.17672263e-04, -1.04404915e-04],
        [ 8.57738219e-03, -2.52521855e-02, -9.95661151e-01]],

       [[ 8.10645874e-03,  7.05551671e-03,  5.98004299e-02],
        [-1.32192099e-01, -1.12330486e-01, -9.50461805e-01],
        [-1.70673251e-05, -1.01230355e-04, -3.64721597e-05]]]))
---------------------
  #    meV     cm^-1
---------------------
  0   50.6i    408.0i
  1   22.2i    178.8i
  2   21.6     174.1
  3   26.7     215.4
  4   35.4     285.5
  5   41.0     330.9
  6   78.4     632.1
  7  124.6    1005.1
  8  504.6    4069.8
---------------------
Zero-point energy: 0.416 eV
(array([0.        +0.01409991j, 0.0260049 +0.j        ,
       0.03286105+0.j        , 0.03790188+0.j        ,
       0.04697705+0.j        , 0.06511802+0.j        ,
       0.10816885+0.j        , 0.14182603+0.j        ,
       0.47789521+0.j        ]), array([[[-1.21356593e-01, -8.82242792e-02, -8.78344985e-02],
        [-5.96528895e-01, -3.05495441e-01,  2.03027020e-01],
        [-1.37009529e-01, -5.49446264e-02,  1.15531037e-02]],

       [[-8.03074502e-02,  2.06109960e-01,  6.87265002e-03],
        [-3.38599825e-01,  2.90614330e-01,  8.47287772e-02],
        [-7.28737356e-02, -5.41805785e-02,  1.24301462e-02]],

       [[-1.94894732e-01, -5.13866299e-02,  8.16342867e-02],
        [ 3.67988508e-01,  1.98369982e-01, -2.58015626e-01],
        [ 9.97964947e-03, -4.48345625e-03,  6.17948730e-03]],

       [[ 1.12616094e-02, -2.04296415e-02,  2.02617483e-01],
        [-2.92908497e-01, -1.77996066e-01,  3.96199055e-01],
        [ 1.86798084e-01,  1.44152272e-01, -4.11503607e-02]],

       [[-3.29444617e-02,  2.31884552e-02, -6.48188089e-02],
        [ 1.43326194e-03, -6.98573646e-02, -4.15342962e-02],
        [ 7.27184526e-01,  5.78597120e-01, -1.71573324e-01]],

       [[-4.03025136e-02,  9.05445038e-02, -4.84561242e-03],
        [ 4.12199167e-01, -7.93628151e-01,  1.49472319e-01],
        [-7.73190767e-02, -8.35345883e-02,  2.70969264e-02]],

       [[-2.91213390e-03, -4.18073821e-03, -5.58663107e-03],
        [-3.78280009e-02,  9.69606100e-04,  9.18399019e-03],
        [ 6.31026516e-01, -7.39486751e-01,  2.11198328e-01]],

       [[-1.16907485e-04, -3.47061755e-04,  1.12164276e-03],
        [ 6.25604103e-03, -8.80389939e-04, -1.87263443e-03],
        [-3.86937416e-03, -2.76975909e-01, -9.56696059e-01]],

       [[ 2.23224661e-02,  2.06760922e-02,  5.25960670e-02],
        [-3.59131863e-01, -3.29421737e-01, -8.34244495e-01],
        [ 1.78078261e-03, -3.19569784e-04,  4.89362569e-04]]]))
---------------------
  #    meV     cm^-1
---------------------
  0   14.1i    113.7i
  1   26.0     209.7
  2   32.9     265.0
  3   37.9     305.7
  4   47.0     378.9
  5   65.1     525.2
  6  108.2     872.4
  7  141.8    1143.9
  8  477.9    3854.5
---------------------
Zero-point energy: 0.468 eV
(array([0.01374679+0.j, 0.01837242+0.j, 0.03612193+0.j, 0.04756268+0.j,
       0.05837324+0.j, 0.07412455+0.j, 0.12146139+0.j, 0.13494102+0.j,
       0.46452994+0.j]), array([[[ 2.08958475e-01,  7.50677658e-02,  2.72294312e-02],
        [ 4.06783975e-01,  1.50644644e-01, -8.95969330e-02],
        [-2.81780068e-02, -2.88827980e-02,  7.24990837e-04]],

       [[-8.26027751e-02,  2.00289787e-01,  9.02690800e-02],
        [-1.09348380e-01,  3.16460366e-01,  6.19385147e-02],
        [ 4.14983652e-02,  5.87071769e-03,  3.55434567e-03]],

       [[ 2.34018242e-02, -7.86400479e-02,  2.07535589e-01],
        [-3.66327975e-02, -1.51541486e-01,  2.61005370e-01],
        [ 2.51065185e-01,  1.84919372e-01, -1.09228283e-01]],

       [[-7.71305510e-02, -3.55887866e-02,  8.08714875e-02],
        [ 5.55395273e-01, -3.30669158e-02, -2.05163312e-01],
        [-4.49728495e-01, -3.83187881e-01,  2.70170008e-01]],

       [[ 7.02785764e-02, -9.58259845e-03,  2.79190135e-02],
        [-5.92944967e-01,  6.10625095e-02,  2.99466316e-01],
        [-4.47546874e-01, -4.25558160e-01,  2.71017856e-01]],

       [[-2.09025425e-03, -9.41611860e-02,  1.75622919e-02],
        [-1.01164062e-01,  8.69490010e-01, -2.72591461e-01],
        [ 4.70098433e-02,  4.74622302e-02, -3.68286470e-02]],

       [[-5.69244136e-04, -3.38571519e-03, -9.34306505e-03],
        [ 2.25437955e-02,  1.33913460e-03, -1.75505622e-02],
        [ 7.12117967e-01, -6.54825538e-01,  2.31871452e-01]],

       [[-5.11569226e-03, -1.69060000e-04,  4.92341987e-03],
        [ 1.94277041e-03, -7.58847439e-03,  2.53566789e-03],
        [-1.20925001e-01, -4.44991844e-01, -8.82357375e-01]],

       [[ 2.34592143e-02,  1.82283450e-02,  5.29462088e-02],
        [-3.77488346e-01, -2.92170143e-01, -8.40049453e-01],
        [ 3.86616205e-03, -2.16000165e-04,  1.32147695e-03]]]))
---------------------
  #    meV     cm^-1
---------------------
  0   13.7     110.9
  1   18.4     148.2
  2   36.1     291.3
  3   47.6     383.6
  4   58.4     470.8
  5   74.1     597.9
  6  121.5     979.7
  7  134.9    1088.4
  8  464.5    3746.7
---------------------
Zero-point energy: 0.485 eV

 ## JOB vib-15-20 FINALIZADO ## 
run
